build/app/outputs/mapping/release/seeds.txt
com.papaya.onlineshoppingbackendapp.MainActivity
com.papaya.onlineshoppingbackendapp.MainActivity: MainActivity()
...
com.google.android.gms.common.util.DynamiteApi
androidx.core.R$id: int line3
com.google.android.exoplayer2.metadata.id3.ChapterFrame: android.os.Parcelable$Creator CREATOR
androidx.core.R$id: int async
androidx.lifecycle.LiveData$LifecycleBoundObserver
androidx.core.R$id: int right_side
io.flutter.embedding.engine.FlutterJNI: void setAsyncWaitForVsyncDelegate(io.flutter.embedding.engine.FlutterJNI$AsyncWaitForVsyncDelegate)
com.google.android.gms.base.R$drawable: int common_google_signin_btn_icon_dark
io.flutter.plugins.urllauncher.WebViewActivity: WebViewActivity()
androidx.core.R$id: int tag_accessibility_heading
io.flutter.embedding.engine.systemchannels.PlatformChannel$HapticFeedbackType: io.flutter.embedding.engine.systemchannels.PlatformChannel$HapticFeedbackType[] values()
com.google.firebase.firestore.proto.MaybeDocument$DocumentTypeCase: com.google.firebase.firestore.proto.MaybeDocument$DocumentTypeCase valueOf(java.lang.String)
com.google.android.gms.base.R$string: int common_google_play_services_update_title
androidx.core.R$id: int icon
androidx.core.R$id: int notification_main_column_container
io.flutter.embedding.android.FlutterSplashView$SavedState: android.os.Bundle access$702(io.flutter.embedding.android.FlutterSplashView$SavedState,android.os.Bundle)
io.grpc.internal.ClientStreamListener$RpcProgress: io.grpc.internal.ClientStreamListener$RpcProgress[] values()
io.flutter.embedding.engine.FlutterJNI: void nativeDestroy(long)
androidx.core.R$id: int accessibility_custom_action_28
io.flutter.embedding.engine.systemchannels.PlatformChannel$HapticFeedbackType: io.flutter.embedding.engine.systemchannels.PlatformChannel$HapticFeedbackType valueOf(java.lang.String)
io.flutter.embedding.engine.FlutterJNI: void addIsDisplayingFlutterUiListener(io.flutter.embedding.engine.renderer.FlutterUiDisplayListener)
io.flutter.plugin.platform.SingleViewPresentation: java.lang.Object createParams
androidx.lifecycle.SingleGeneratedAdapterObserver
io.flutter.embedding.engine.FlutterJNI: java.lang.String observatoryUri
androidx.core.R$id: int accessibility_custom_action_10
io.flutter.embedding.engine.plugins.lifecycle.HiddenLifecycleReference: androidx.lifecycle.Lifecycle getLifecycle()
androidx.lifecycle.ReflectiveGenericLifecycleObserver
androidx.core.app.RemoteActionCompatParcelizer: RemoteActionCompatParcelizer()
io.flutter.embedding.engine.systemchannels.TextInputChannel$TextInputType: io.flutter.embedding.engine.systemchannels.TextInputChannel$TextInputType[] values()
androidx.lifecycle.Lifecycling$1
com.google.firestore.v1.TransactionOptions$ModeCase: com.google.firestore.v1.TransactionOptions$ModeCase[] values()
io.flutter.embedding.android.FlutterTextureView: io.flutter.embedding.engine.renderer.FlutterRenderer getAttachedRenderer()
io.grpc.okhttp.internal.framed.HeadersMode: io.grpc.okhttp.internal.framed.HeadersMode valueOf(java.lang.String)
io.flutter.plugins.firebase.cloudfirestore.FlutterFirebaseAppRegistrar: java.util.List getComponents()
io.flutter.embedding.engine.FlutterJNI: void nativeRecordStartTimestamp(long)
io.flutter.view.AccessibilityViewEmbedder: boolean onAccessibilityHoverEvent(int,android.view.MotionEvent)
com.google.firebase.firestore.model.Document$DocumentState: com.google.firebase.firestore.model.Document$DocumentState[] values()
androidx.activity.ImmLeaksCleaner
com.google.firestore.v1.BatchGetDocumentsRequest$ConsistencySelectorCase: com.google.firestore.v1.BatchGetDocumentsRequest$ConsistencySelectorCase[] values()
com.google.android.gms.common.api.GoogleApiActivity: GoogleApiActivity()
io.flutter.embedding.engine.FlutterJNI: void nativeRunBundleAndSnapshotFromLibrary(long,java.lang.String,java.lang.String,java.lang.String,android.content.res.AssetManager)
io.flutter.plugins.urllauncher.UrlLauncher$LaunchStatus: io.flutter.plugins.urllauncher.UrlLauncher$LaunchStatus[] values()
com.google.android.exoplayer2.metadata.id3.GeobFrame: android.os.Parcelable$Creator CREATOR