build/app/outputs/mapping/release/mapping.txt
# compiler: R8
# compiler_version: 1.6.82
# min_api: 21
# pg_map_id: d2cfc70
# common_typos_disable
...
io.flutter.embedding.engine.plugins.lifecycle.FlutterLifecycleAdapter -> io.flutter.embedding.engine.plugins.lifecycle.a:
    androidx.lifecycle.Lifecycle getActivityLifecycle(io.flutter.embedding.engine.plugins.activity.ActivityPluginBinding) -> a
io.flutter.embedding.engine.plugins.service.ServiceAware -> io.flutter.embedding.engine.g.f.a:
    void onAttachedToService(io.flutter.embedding.engine.plugins.service.ServicePluginBinding) -> a
    void onDetachedFromService() -> a
io.flutter.embedding.engine.plugins.service.ServicePluginBinding -> io.flutter.embedding.engine.g.f.b:
io.flutter.embedding.engine.plugins.shim.ShimPluginRegistry -> io.flutter.embedding.engine.g.g.a:
    java.util.Map pluginMap -> b
    io.flutter.embedding.engine.plugins.shim.ShimPluginRegistry$ShimRegistrarAggregate shimRegistrarAggregate -> c
    io.flutter.embedding.engine.FlutterEngine flutterEngine -> a
    io.flutter.plugin.common.PluginRegistry$Registrar registrarFor(java.lang.String) -> a
io.flutter.embedding.engine.plugins.shim.ShimPluginRegistry$1 -> io.flutter.embedding.engine.g.g.a$a:
io.flutter.embedding.engine.plugins.shim.ShimPluginRegistry$ShimRegistrarAggregate -> io.flutter.embedding.engine.g.g.a$b:
    io.flutter.embedding.engine.plugins.activity.ActivityPluginBinding activityPluginBinding -> c
    io.flutter.embedding.engine.plugins.FlutterPlugin$FlutterPluginBinding flutterPluginBinding -> b
    java.util.Set shimRegistrars -> a
    void addPlugin(io.flutter.embedding.engine.plugins.shim.ShimRegistrar) -> a
    void onAttachedToActivity(io.flutter.embedding.engine.plugins.activity.ActivityPluginBinding) -> a
    void onAttachedToEngine(io.flutter.embedding.engine.plugins.FlutterPlugin$FlutterPluginBinding) -> a
    void onDetachedFromEngine(io.flutter.embedding.engine.plugins.FlutterPlugin$FlutterPluginBinding) -> b
    void onReattachedToActivityForConfigChanges(io.flutter.embedding.engine.plugins.activity.ActivityPluginBinding) -> b
    void onDetachedFromActivity() -> c
    void onDetachedFromActivityForConfigChanges() -> d
io.flutter.embedding.engine.plugins.shim.ShimRegistrar -> io.flutter.embedding.engine.g.g.b:
    java.util.Set activityResultListeners -> c
    java.util.Set newIntentListeners -> d
    java.util.Set userLeaveHintListeners -> e
    java.util.Set viewDestroyListeners -> a
    io.flutter.embedding.engine.plugins.FlutterPlugin$FlutterPluginBinding pluginBinding -> f
    java.util.Set requestPermissionsResultListeners -> b
    io.flutter.embedding.engine.plugins.activity.ActivityPluginBinding activityPluginBinding -> g
    android.app.Activity activity() -> a
    io.flutter.plugin.common.PluginRegistry$Registrar addActivityResultListener(io.flutter.plugin.common.PluginRegistry$ActivityResultListener) -> a
    io.flutter.plugin.common.PluginRegistry$Registrar addRequestPermissionsResultListener(io.flutter.plugin.common.PluginRegistry$RequestPermissionsResultListener) -> a
    void onAttachedToActivity(io.flutter.embedding.engine.plugins.activity.ActivityPluginBinding) -> a
    void onAttachedToEngine(io.flutter.embedding.engine.plugins.FlutterPlugin$FlutterPluginBinding) -> a
    io.flutter.plugin.common.BinaryMessenger messenger() -> b
    void onDetachedFromEngine(io.flutter.embedding.engine.plugins.FlutterPlugin$FlutterPluginBinding) -> b
    void onReattachedToActivityForConfigChanges(io.flutter.embedding.engine.plugins.activity.ActivityPluginBinding) -> b
    void onDetachedFromActivity() -> c
    void onDetachedFromActivityForConfigChanges() -> d