build/app/outputs/mapping/release/usage.txt
com.papaya.onlineshoppingbackendapp.R$dimen
com.papaya.onlineshoppingbackendapp.R$layout
com.papaya.onlineshoppingbackendapp.R$color
com.papaya.onlineshoppingbackendapp.R$style
com.papaya.onlineshoppingbackendapp.R$attr
com.papaya.onlineshoppingbackendapp.R$xml
com.papaya.onlineshoppingbackendapp.R$string
com.papaya.onlineshoppingbackendapp.BuildConfig
com.papaya.onlineshoppingbackendapp.R$mipmap
com.papaya.onlineshoppingbackendapp.R$id
com.papaya.onlineshoppingbackendapp.R$integer
com.papaya.onlineshoppingbackendapp.R$drawable
com.papaya.onlineshoppingbackendapp.R
com.papaya.onlineshoppingbackendapp.R$styleable
...
androidx.core.view.accessibility.AccessibilityManagerCompat$AccessibilityStateChangeListenerWrapper
io.flutter.embedding.engine.systemchannels.LocalizationChannel:
    private static final java.lang.String TAG
com.google.protobuf.FloatValue
io.flutter.embedding.engine.systemchannels.AccessibilityChannel:
    private static final java.lang.String TAG
com.google.common.collect.TreeRangeMap$SubRangeMap$SubRangeMapAsMap$2
com.google.protobuf.DescriptorProtos$ServiceDescriptorProto
com.google.type.Color
com.google.common.io.LineBuffer
com.google.api.MonitoredResourceOrBuilder
kotlin.time.AbstractLongClock$LongClockMark
kotlin.reflect.KParameter$Kind
io.opencensus.trace.Tracestate$Entry
io.grpc.internal.ChannelTracer:
    void updateBuilder(io.grpc.InternalChannelz$ChannelStats$Builder)
com.google.firestore.v1.WriteResponse$Builder:
    public java.lang.String getStreamId()
    public com.google.protobuf.ByteString getStreamIdBytes()
    public com.google.firestore.v1.WriteResponse$Builder setStreamId(java.lang.String)
    public com.google.firestore.v1.WriteResponse$Builder clearStreamId()
    public com.google.firestore.v1.WriteResponse$Builder setStreamIdBytes(com.google.protobuf.ByteString)
    public com.google.protobuf.ByteString getStreamToken()
    public com.google.firestore.v1.WriteResponse$Builder setStreamToken(com.google.protobuf.ByteString)
    public com.google.firestore.v1.WriteResponse$Builder clearStreamToken()
    public java.util.List getWriteResultsList()
    public int getWriteResultsCount()
    public com.google.firestore.v1.WriteResult getWriteResults(int)
    public com.google.firestore.v1.WriteResponse$Builder setWriteResults(int,com.google.firestore.v1.WriteResult)
    public com.google.firestore.v1.WriteResponse$Builder setWriteResults(int,com.google.firestore.v1.WriteResult$Builder)
    public com.google.firestore.v1.WriteResponse$Builder addWriteResults(com.google.firestore.v1.WriteResult)
    public com.google.firestore.v1.WriteResponse$Builder addWriteResults(int,com.google.firestore.v1.WriteResult)
    public com.google.firestore.v1.WriteResponse$Builder addWriteResults(com.google.firestore.v1.WriteResult$Builder)
io.grpc.inprocess.InProcessTransport$InProcessStream$InProcessServerStream
kotlin.text.RegexKt$fromInt$$inlined$apply$lambda$1
com.google.android.exoplayer2.upstream.cache.CachedRegionTracker$Region
androidx.core.app.NotificationCompat$InboxStyle
com.google.common.collect.FluentIterable$FromIterableFunction
com.google.rpc.Help$1
com.google.type.PostalAddressProto
com.google.android.exoplayer2.audio.Sonic:
    private static final int MINIMUM_PITCH
    private static final int MAXIMUM_PITCH
    private static final int AMDF_FREQUENCY
com.google.android.exoplayer2.video.spherical.FrameRotationQueue